# JRE version: OpenJDK Runtime Environment Temurin-21.0.4+7 (21.0.4+7) (build 21.0.4+7-LTS)
# Java VM: OpenJDK 64-Bit Server VM Temurin-21.0.4+7 (21.0.4+7-LTS, mixed mode, sharing, tiered, compressed oops, compressed class ptrs, g1 gc, windows-amd64)
GC Precious Log:
 CardTable entry size: 512
 Card Set container configuration: InlinePtr #cards 4 size 8 Array Of Cards #cards 16 size 48 Howl #buckets 8 coarsen threshold 3686 Howl Bitmap #cards 512 size 80 coarsen threshold 460 Card regions per heap region 1 cards per card region 4096
 CPUs: 8 total, 8 available
 Memory: 16254M
 Large Page Support: Disabled
 NUMA Support: Disabled
 Compressed Oops: Enabled (Zero based)
 Heap Region Size: 2M
 Heap Min Capacity: 8M
 Heap Initial Capacity: 254M
 Heap Max Capacity: 4064M
 Pre-touch: Disabled
 Parallel Workers: 8
 Concurrent Workers: 2
 Concurrent Refinement Workers: 8
 Periodic GC: Disabled
Heap:
 garbage-first heap   total 911360K, used 541839K [0x0000000702000000, 0x0000000800000000)
  region size 2048K, 1 young (2048K), 1 survivors (2048K)
 Metaspace       used 9822K, committed 10048K, reserved 1114112K
  class space    used 948K, committed 1024K, reserved 1048576K
GC Heap History (20 events):
Event: 8.738 GC heap after
{Heap after GC invocations=10 (full 2):
 garbage-first heap   total 81920K, used 27665K [0x0000000702000000, 0x0000000800000000)
  region size 2048K, 1 young (2048K), 1 survivors (2048K)
 Metaspace       used 9712K, committed 9920K, reserved 1114112K
  class space    used 946K, committed 1024K, reserved 1048576K
}
Event: 8.759 GC heap before
{Heap before GC invocations=10 (full 2):
 garbage-first heap   total 81920K, used 31761K [0x0000000702000000, 0x0000000800000000)
  region size 2048K, 2 young (4096K), 1 survivors (2048K)
 Metaspace       used 9712K, committed 9920K, reserved 1114112K
  class space    used 946K, committed 1024K, reserved 1048576K
}
Event: 8.761 GC heap after
{Heap after GC invocations=11 (full 2):
 garbage-first heap   total 81920K, used 34512K [0x0000000702000000, 0x0000000800000000)
  region size 2048K, 2 young (4096K), 2 survivors (4096K)
 Metaspace       used 9712K, committed 9920K, reserved 1114112K
  class space    used 946K, committed 1024K, reserved 1048576K
}
Event: 8.955 GC heap before
{Heap before GC invocations=12 (full 2):
 garbage-first heap   total 135168K, used 122576K [0x0000000702000000, 0x0000000800000000)
  region size 2048K, 7 young (14336K), 2 survivors (4096K)
 Metaspace       used 9732K, committed 9984K, reserved 1114112K
  class space    used 948K, committed 1024K, reserved 1048576K
}
Event: 8.957 GC heap after
{Heap after GC invocations=13 (full 2):
 garbage-first heap   total 137216K, used 111688K [0x0000000702000000, 0x0000000800000000)
  region size 2048K, 1 young (2048K), 1 survivors (2048K)
 Metaspace       used 9732K, committed 9984K, reserved 1114112K
  class space    used 948K, committed 1024K, reserved 1048576K
}
Event: 9.030 GC heap before
{Heap before GC invocations=13 (full 2):
 garbage-first heap   total 161792K, used 146504K [0x0000000702000000, 0x0000000800000000)
  region size 2048K, 3 young (6144K), 1 survivors (2048K)
 Metaspace       used 9739K, committed 9984K, reserved 1114112K
  class space    used 948K, committed 1024K, reserved 1048576K
}
Event: 9.033 GC heap after
{Heap after GC invocations=14 (full 2):
 garbage-first heap   total 417792K, used 144470K [0x0000000702000000, 0x0000000800000000)
  region size 2048K, 1 young (2048K), 1 survivors (2048K)
 Metaspace       used 9739K, committed 9984K, reserved 1114112K
  class space    used 948K, committed 1024K, reserved 1048576K
}
Event: 9.123 GC heap before
{Heap before GC invocations=14 (full 2):
 garbage-first heap   total 417792K, used 183382K [0x0000000702000000, 0x0000000800000000)
  region size 2048K, 4 young (8192K), 1 survivors (2048K)
 Metaspace       used 9742K, committed 9984K, reserved 1114112K
  class space    used 948K, committed 1024K, reserved 1048576K
}
Event: 9.125 GC heap after
{Heap after GC invocations=15 (full 2):
 garbage-first heap   total 417792K, used 181323K [0x0000000702000000, 0x0000000800000000)
  region size 2048K, 1 young (2048K), 1 survivors (2048K)
 Metaspace       used 9742K, committed 9984K, reserved 1114112K
  class space    used 948K, committed 1024K, reserved 1048576K
}
Event: 9.146 GC heap before
{Heap before GC invocations=15 (full 2):
 garbage-first heap   total 417792K, used 185419K [0x0000000702000000, 0x0000000800000000)
  region size 2048K, 2 young (4096K), 1 survivors (2048K)
 Metaspace       used 9744K, committed 9984K, reserved 1114112K
  class space    used 948K, committed 1024K, reserved 1048576K
}
Event: 9.148 GC heap after
{Heap after GC invocations=16 (full 2):
 garbage-first heap   total 417792K, used 188123K [0x0000000702000000, 0x0000000800000000)
  region size 2048K, 2 young (4096K), 2 survivors (4096K)
 Metaspace       used 9744K, committed 9984K, reserved 1114112K
  class space    used 948K, committed 1024K, reserved 1048576K
}
Event: 10.016 GC heap before
{Heap before GC invocations=17 (full 2):
 garbage-first heap   total 471040K, used 462555K [0x0000000702000000, 0x0000000800000000)
  region size 2048K, 17 young (34816K), 2 survivors (4096K)
 Metaspace       used 9805K, committed 9984K, reserved 1114112K
  class space    used 948K, committed 1024K, reserved 1048576K
}
Event: 10.018 GC heap after
{Heap after GC invocations=18 (full 2):
 garbage-first heap   total 473088K, used 431269K [0x0000000702000000, 0x0000000800000000)
  region size 2048K, 1 young (2048K), 1 survivors (2048K)
 Metaspace       used 9805K, committed 9984K, reserved 1114112K
  class space    used 948K, committed 1024K, reserved 1048576K
}
Event: 10.222 GC heap before
{Heap before GC invocations=18 (full 2):
 garbage-first heap   total 530432K, used 521381K [0x0000000702000000, 0x0000000800000000)
  region size 2048K, 6 young (12288K), 1 survivors (2048K)
 Metaspace       used 9820K, committed 10048K, reserved 1114112K
  class space    used 948K, committed 1024K, reserved 1048576K
}
Event: 10.224 GC heap after
{Heap after GC invocations=19 (full 2):
 garbage-first heap   total 532480K, used 513236K [0x0000000702000000, 0x0000000800000000)
  region size 2048K, 1 young (2048K), 1 survivors (2048K)
 Metaspace       used 9820K, committed 10048K, reserved 1114112K
  class space    used 948K, committed 1024K, reserved 1048576K
}
Event: 10.236 GC heap before
{Heap before GC invocations=19 (full 2):
 garbage-first heap   total 532480K, used 513236K [0x0000000702000000, 0x0000000800000000)
  region size 2048K, 2 young (4096K), 1 survivors (2048K)
 Metaspace       used 9820K, committed 10048K, reserved 1114112K
  class space    used 948K, committed 1024K, reserved 1048576K
}
Event: 10.239 GC heap after
{Heap after GC invocations=20 (full 2):
 garbage-first heap   total 532480K, used 515873K [0x0000000702000000, 0x0000000800000000)
  region size 2048K, 1 young (2048K), 1 survivors (2048K)
 Metaspace       used 9820K, committed 10048K, reserved 1114112K
  class space    used 948K, committed 1024K, reserved 1048576K
}
Event: 10.318 GC heap before
{Heap before GC invocations=21 (full 2):
 garbage-first heap   total 878592K, used 548641K [0x0000000702000000, 0x0000000800000000)
  region size 2048K, 3 young (6144K), 1 survivors (2048K)
 Metaspace       used 9822K, committed 10048K, reserved 1114112K
  class space    used 948K, committed 1024K, reserved 1048576K
}
Event: 10.331 GC heap after
{Heap after GC invocations=22 (full 3):
 garbage-first heap   total 911360K, used 541829K [0x0000000702000000, 0x0000000800000000)
  region size 2048K, 0 young (0K), 0 survivors (0K)
 Metaspace       used 9822K, committed 10048K, reserved 1114112K
  class space    used 948K, committed 1024K, reserved 1048576K
}
Event: 10.331 GC heap before
{Heap before GC invocations=22 (full 3):
 garbage-first heap   total 911360K, used 541829K [0x0000000702000000, 0x0000000800000000)
  region size 2048K, 1 young (2048K), 0 survivors (0K)
 Metaspace       used 9822K, committed 10048K, reserved 1114112K
  class space    used 948K, committed 1024K, reserved 1048576K
}

