# JRE version: OpenJDK Runtime Environment Temurin-21.0.4+7 (21.0.4+7) (build 21.0.4+7-LTS)
# Java VM: OpenJDK 64-Bit Server VM Temurin-21.0.4+7 (21.0.4+7-LTS, mixed mode, sharing, tiered, compressed oops, compressed class ptrs, g1 gc, windows-amd64)
GC Precious Log:
 CardTable entry size: 512
 Card Set container configuration: InlinePtr #cards 4 size 8 Array Of Cards #cards 16 size 48 Howl #buckets 8 coarsen threshold 3686 Howl Bitmap #cards 512 size 80 coarsen threshold 460 Card regions per heap region 1 cards per card region 4096
 CPUs: 8 total, 8 available
 Memory: 16254M
 Large Page Support: Disabled
 NUMA Support: Disabled
 Compressed Oops: Enabled (Zero based)
 Heap Region Size: 2M
 Heap Min Capacity: 8M
 Heap Initial Capacity: 254M
 Heap Max Capacity: 4064M
 Pre-touch: Disabled
 Parallel Workers: 8
 Concurrent Workers: 2
 Concurrent Refinement Workers: 8
 Periodic GC: Disabled
Heap:
 garbage-first heap   total 479232K, used 216235K [0x0000000702000000, 0x0000000800000000)
  region size 2048K, 1 young (2048K), 1 survivors (2048K)
 Metaspace       used 9752K, committed 9984K, reserved 1114112K
  class space    used 947K, committed 1024K, reserved 1048576K
GC Heap History (20 events):
Event: 39.089 GC heap after
{Heap after GC invocations=11 (full 3):
 garbage-first heap   total 192512K, used 121997K [0x0000000702000000, 0x0000000800000000)
  region size 2048K, 1 young (2048K), 1 survivors (2048K)
 Metaspace       used 9735K, committed 9920K, reserved 1114112K
  class space    used 947K, committed 1024K, reserved 1048576K
}
Event: 39.398 GC heap before
{Heap before GC invocations=11 (full 3):
 garbage-first heap   total 229376K, used 224397K [0x0000000702000000, 0x0000000800000000)
  region size 2048K, 9 young (18432K), 1 survivors (2048K)
 Metaspace       used 9745K, committed 9920K, reserved 1114112K
  class space    used 947K, committed 1024K, reserved 1048576K
}
Event: 39.400 GC heap after
{Heap after GC invocations=12 (full 3):
 garbage-first heap   total 231424K, used 183483K [0x0000000702000000, 0x0000000800000000)
  region size 2048K, 1 young (2048K), 1 survivors (2048K)
 Metaspace       used 9745K, committed 9920K, reserved 1114112K
  class space    used 947K, committed 1024K, reserved 1048576K
}
Event: 39.412 GC heap before
{Heap before GC invocations=12 (full 3):
 garbage-first heap   total 231424K, used 183483K [0x0000000702000000, 0x0000000800000000)
  region size 2048K, 2 young (4096K), 1 survivors (2048K)
 Metaspace       used 9745K, committed 9920K, reserved 1114112K
  class space    used 947K, committed 1024K, reserved 1048576K
}
Event: 39.414 GC heap after
{Heap after GC invocations=13 (full 3):
 garbage-first heap   total 231424K, used 154778K [0x0000000702000000, 0x0000000800000000)
  region size 2048K, 1 young (2048K), 1 survivors (2048K)
 Metaspace       used 9745K, committed 9920K, reserved 1114112K
  class space    used 947K, committed 1024K, reserved 1048576K
}
Event: 39.469 GC heap before
{Heap before GC invocations=14 (full 3):
 garbage-first heap   total 276480K, used 169114K [0x0000000702000000, 0x0000000800000000)
  region size 2048K, 3 young (6144K), 1 survivors (2048K)
 Metaspace       used 9745K, committed 9920K, reserved 1114112K
  class space    used 947K, committed 1024K, reserved 1048576K
}
Event: 39.471 GC heap after
{Heap after GC invocations=15 (full 3):
 garbage-first heap   total 276480K, used 167069K [0x0000000702000000, 0x0000000800000000)
  region size 2048K, 1 young (2048K), 1 survivors (2048K)
 Metaspace       used 9745K, committed 9920K, reserved 1114112K
  class space    used 947K, committed 1024K, reserved 1048576K
}
Event: 39.524 GC heap before
{Heap before GC invocations=16 (full 3):
 garbage-first heap   total 296960K, used 181405K [0x0000000702000000, 0x0000000800000000)
  region size 2048K, 3 young (6144K), 1 survivors (2048K)
 Metaspace       used 9745K, committed 9920K, reserved 1114112K
  class space    used 947K, committed 1024K, reserved 1048576K
}
Event: 39.525 GC heap after
{Heap after GC invocations=17 (full 3):
 garbage-first heap   total 296960K, used 175262K [0x0000000702000000, 0x0000000800000000)
  region size 2048K, 1 young (2048K), 1 survivors (2048K)
 Metaspace       used 9745K, committed 9920K, reserved 1114112K
  class space    used 947K, committed 1024K, reserved 1048576K
}
Event: 39.595 GC heap before
{Heap before GC invocations=18 (full 3):
 garbage-first heap   total 311296K, used 189598K [0x0000000702000000, 0x0000000800000000)
  region size 2048K, 3 young (6144K), 1 survivors (2048K)
 Metaspace       used 9748K, committed 9984K, reserved 1114112K
  class space    used 947K, committed 1024K, reserved 1048576K
}
Event: 39.596 GC heap after
{Heap after GC invocations=19 (full 3):
 garbage-first heap   total 311296K, used 183454K [0x0000000702000000, 0x0000000800000000)
  region size 2048K, 1 young (2048K), 1 survivors (2048K)
 Metaspace       used 9748K, committed 9984K, reserved 1114112K
  class space    used 947K, committed 1024K, reserved 1048576K
}
Event: 39.618 GC heap before
{Heap before GC invocations=20 (full 3):
 garbage-first heap   total 317440K, used 191646K [0x0000000702000000, 0x0000000800000000)
  region size 2048K, 2 young (4096K), 1 survivors (2048K)
 Metaspace       used 9748K, committed 9984K, reserved 1114112K
  class space    used 947K, committed 1024K, reserved 1048576K
}
Event: 39.622 GC heap after
{Heap after GC invocations=21 (full 3):
 garbage-first heap   total 479232K, used 187582K [0x0000000702000000, 0x0000000800000000)
  region size 2048K, 1 young (2048K), 1 survivors (2048K)
 Metaspace       used 9748K, committed 9984K, reserved 1114112K
  class space    used 947K, committed 1024K, reserved 1048576K
}
Event: 39.718 GC heap before
{Heap before GC invocations=21 (full 3):
 garbage-first heap   total 479232K, used 222398K [0x0000000702000000, 0x0000000800000000)
  region size 2048K, 5 young (10240K), 1 survivors (2048K)
 Metaspace       used 9749K, committed 9984K, reserved 1114112K
  class space    used 947K, committed 1024K, reserved 1048576K
}
Event: 39.720 GC heap after
{Heap after GC invocations=22 (full 3):
 garbage-first heap   total 479232K, used 212137K [0x0000000702000000, 0x0000000800000000)
  region size 2048K, 1 young (2048K), 1 survivors (2048K)
 Metaspace       used 9749K, committed 9984K, reserved 1114112K
  class space    used 947K, committed 1024K, reserved 1048576K
}
Event: 39.724 GC heap before
{Heap before GC invocations=22 (full 3):
 garbage-first heap   total 479232K, used 216233K [0x0000000702000000, 0x0000000800000000)
  region size 2048K, 2 young (4096K), 1 survivors (2048K)
 Metaspace       used 9749K, committed 9984K, reserved 1114112K
  class space    used 947K, committed 1024K, reserved 1048576K
}
Event: 39.725 GC heap after
{Heap after GC invocations=23 (full 3):
 garbage-first heap   total 479232K, used 208035K [0x0000000702000000, 0x0000000800000000)
  region size 2048K, 1 young (2048K), 1 survivors (2048K)
 Metaspace       used 9749K, committed 9984K, reserved 1114112K
  class space    used 947K, committed 1024K, reserved 1048576K
}
Event: 39.756 GC heap before
{Heap before GC invocations=23 (full 3):
 garbage-first heap   total 479232K, used 218275K [0x0000000702000000, 0x0000000800000000)
  region size 2048K, 3 young (6144K), 1 survivors (2048K)
 Metaspace       used 9752K, committed 9984K, reserved 1114112K
  class space    used 947K, committed 1024K, reserved 1048576K
}
Event: 39.758 GC heap after
{Heap after GC invocations=24 (full 3):
 garbage-first heap   total 479232K, used 212136K [0x0000000702000000, 0x0000000800000000)
  region size 2048K, 1 young (2048K), 1 survivors (2048K)
 Metaspace       used 9752K, committed 9984K, reserved 1114112K
  class space    used 947K, committed 1024K, reserved 1048576K
}
Event: 39.760 GC heap before
{Heap before GC invocations=24 (full 3):
 garbage-first heap   total 479232K, used 216232K [0x0000000702000000, 0x0000000800000000)
  region size 2048K, 2 young (4096K), 1 survivors (2048K)
 Metaspace       used 9752K, committed 9984K, reserved 1114112K
  class space    used 947K, committed 1024K, reserved 1048576K
}

