# JRE version: OpenJDK Runtime Environment Temurin-21.0.4+7 (21.0.4+7) (build 21.0.4+7-LTS)
# Java VM: OpenJDK 64-Bit Server VM Temurin-21.0.4+7 (21.0.4+7-LTS, mixed mode, sharing, tiered, compressed oops, compressed class ptrs, g1 gc, windows-amd64)
GC Precious Log:
 CardTable entry size: 512
 Card Set container configuration: InlinePtr #cards 4 size 8 Array Of Cards #cards 16 size 48 Howl #buckets 8 coarsen threshold 3686 Howl Bitmap #cards 512 size 80 coarsen threshold 460 Card regions per heap region 1 cards per card region 4096
 CPUs: 8 total, 8 available
 Memory: 16254M
 Large Page Support: Disabled
 NUMA Support: Disabled
 Compressed Oops: Enabled (Zero based)
 Heap Region Size: 2M
 Heap Min Capacity: 8M
 Heap Initial Capacity: 254M
 Heap Max Capacity: 4064M
 Pre-touch: Disabled
 Parallel Workers: 8
 Concurrent Workers: 2
 Concurrent Refinement Workers: 8
 Periodic GC: Disabled
Heap:
 garbage-first heap   total 249856K, used 152647K [0x0000000702000000, 0x0000000800000000)
  region size 2048K, 1 young (2048K), 1 survivors (2048K)
 Metaspace       used 9563K, committed 9792K, reserved 1114112K
  class space    used 932K, committed 1024K, reserved 1048576K
GC Heap History (20 events):
Event: 16.050 GC heap after
{Heap after GC invocations=1 (full 0):
 garbage-first heap   total 260096K, used 4288K [0x0000000702000000, 0x0000000800000000)
  region size 2048K, 1 young (2048K), 1 survivors (2048K)
 Metaspace       used 6971K, committed 7232K, reserved 1114112K
  class space    used 673K, committed 768K, reserved 1048576K
}
Event: 23.292 GC heap before
{Heap before GC invocations=1 (full 0):
 garbage-first heap   total 260096K, used 10432K [0x0000000702000000, 0x0000000800000000)
  region size 2048K, 6 young (12288K), 1 survivors (2048K)
 Metaspace       used 9315K, committed 9600K, reserved 1114112K
  class space    used 911K, committed 1024K, reserved 1048576K
}
Event: 23.312 GC heap after
{Heap after GC invocations=2 (full 1):
 garbage-first heap   total 55296K, used 5033K [0x0000000702000000, 0x0000000800000000)
  region size 2048K, 0 young (0K), 0 survivors (0K)
 Metaspace       used 9315K, committed 9600K, reserved 1114112K
  class space    used 911K, committed 1024K, reserved 1048576K
}
Event: 24.608 GC heap before
{Heap before GC invocations=2 (full 1):
 garbage-first heap   total 55296K, used 13225K [0x0000000702000000, 0x0000000800000000)
  region size 2048K, 2 young (4096K), 0 survivors (0K)
 Metaspace       used 9490K, committed 9728K, reserved 1114112K
  class space    used 932K, committed 1024K, reserved 1048576K
}
Event: 24.610 GC heap after
{Heap after GC invocations=3 (full 1):
 garbage-first heap   total 55296K, used 14574K [0x0000000702000000, 0x0000000800000000)
  region size 2048K, 1 young (2048K), 1 survivors (2048K)
 Metaspace       used 9490K, committed 9728K, reserved 1114112K
  class space    used 932K, committed 1024K, reserved 1048576K
}
Event: 24.625 GC heap before
{Heap before GC invocations=3 (full 1):
 garbage-first heap   total 55296K, used 16622K [0x0000000702000000, 0x0000000800000000)
  region size 2048K, 2 young (4096K), 1 survivors (2048K)
 Metaspace       used 9492K, committed 9728K, reserved 1114112K
  class space    used 932K, committed 1024K, reserved 1048576K
}
Event: 24.627 GC heap after
{Heap after GC invocations=4 (full 1):
 garbage-first heap   total 55296K, used 15356K [0x0000000702000000, 0x0000000800000000)
  region size 2048K, 1 young (2048K), 1 survivors (2048K)
 Metaspace       used 9492K, committed 9728K, reserved 1114112K
  class space    used 932K, committed 1024K, reserved 1048576K
}
Event: 26.341 GC heap before
{Heap before GC invocations=5 (full 1):
 garbage-first heap   total 67584K, used 52220K [0x0000000702000000, 0x0000000800000000)
  region size 2048K, 3 young (6144K), 1 survivors (2048K)
 Metaspace       used 9502K, committed 9728K, reserved 1114112K
  class space    used 932K, committed 1024K, reserved 1048576K
}
Event: 26.343 GC heap after
{Heap after GC invocations=6 (full 1):
 garbage-first heap   total 69632K, used 50198K [0x0000000702000000, 0x0000000800000000)
  region size 2048K, 1 young (2048K), 1 survivors (2048K)
 Metaspace       used 9502K, committed 9728K, reserved 1114112K
  class space    used 932K, committed 1024K, reserved 1048576K
}
Event: 26.343 GC heap before
{Heap before GC invocations=6 (full 1):
 garbage-first heap   total 71680K, used 50198K [0x0000000702000000, 0x0000000800000000)
  region size 2048K, 1 young (2048K), 1 survivors (2048K)
 Metaspace       used 9502K, committed 9728K, reserved 1114112K
  class space    used 932K, committed 1024K, reserved 1048576K
}
Event: 26.360 GC heap after
{Heap after GC invocations=7 (full 2):
 garbage-first heap   total 90112K, used 50162K [0x0000000702000000, 0x0000000800000000)
  region size 2048K, 0 young (0K), 0 survivors (0K)
 Metaspace       used 9502K, committed 9728K, reserved 1114112K
  class space    used 932K, committed 1024K, reserved 1048576K
}
Event: 26.430 GC heap before
{Heap before GC invocations=7 (full 2):
 garbage-first heap   total 90112K, used 50162K [0x0000000702000000, 0x0000000800000000)
  region size 2048K, 1 young (2048K), 0 survivors (0K)
 Metaspace       used 9502K, committed 9728K, reserved 1114112K
  class space    used 932K, committed 1024K, reserved 1048576K
}
Event: 26.432 GC heap after
{Heap after GC invocations=8 (full 2):
 garbage-first heap   total 90112K, used 51385K [0x0000000702000000, 0x0000000800000000)
  region size 2048K, 1 young (2048K), 1 survivors (2048K)
 Metaspace       used 9502K, committed 9728K, reserved 1114112K
  class space    used 932K, committed 1024K, reserved 1048576K
}
Event: 28.201 GC heap before
{Heap before GC invocations=9 (full 2):
 garbage-first heap   total 114688K, used 108729K [0x0000000702000000, 0x0000000800000000)
  region size 2048K, 4 young (8192K), 1 survivors (2048K)
 Metaspace       used 9548K, committed 9728K, reserved 1114112K
  class space    used 932K, committed 1024K, reserved 1048576K
}
Event: 28.204 GC heap after
{Heap after GC invocations=10 (full 2):
 garbage-first heap   total 116736K, used 104277K [0x0000000702000000, 0x0000000800000000)
  region size 2048K, 1 young (2048K), 1 survivors (2048K)
 Metaspace       used 9548K, committed 9728K, reserved 1114112K
  class space    used 932K, committed 1024K, reserved 1048576K
}
Event: 28.604 GC heap before
{Heap before GC invocations=10 (full 2):
 garbage-first heap   total 122880K, used 116565K [0x0000000702000000, 0x0000000800000000)
  region size 2048K, 2 young (4096K), 1 survivors (2048K)
 Metaspace       used 9553K, committed 9728K, reserved 1114112K
  class space    used 932K, committed 1024K, reserved 1048576K
}
Event: 28.607 GC heap after
{Heap after GC invocations=11 (full 2):
 garbage-first heap   total 126976K, used 115759K [0x0000000702000000, 0x0000000800000000)
  region size 2048K, 1 young (2048K), 1 survivors (2048K)
 Metaspace       used 9553K, committed 9728K, reserved 1114112K
  class space    used 932K, committed 1024K, reserved 1048576K
}
Event: 28.684 GC heap before
{Heap before GC invocations=11 (full 2):
 garbage-first heap   total 126976K, used 115759K [0x0000000702000000, 0x0000000800000000)
  region size 2048K, 2 young (4096K), 1 survivors (2048K)
 Metaspace       used 9553K, committed 9728K, reserved 1114112K
  class space    used 932K, committed 1024K, reserved 1048576K
}
Event: 28.687 GC heap after
{Heap after GC invocations=12 (full 2):
 garbage-first heap   total 126976K, used 116945K [0x0000000702000000, 0x0000000800000000)
  region size 2048K, 1 young (2048K), 1 survivors (2048K)
 Metaspace       used 9553K, committed 9728K, reserved 1114112K
  class space    used 932K, committed 1024K, reserved 1048576K
}
Event: 29.701 GC heap before
{Heap before GC invocations=13 (full 2):
 garbage-first heap   total 208896K, used 155857K [0x0000000702000000, 0x0000000800000000)
  region size 2048K, 3 young (6144K), 1 survivors (2048K)
 Metaspace       used 9563K, committed 9792K, reserved 1114112K
  class space    used 932K, committed 1024K, reserved 1048576K
}

