# JRE version: OpenJDK Runtime Environment Temurin-21.0.4+7 (21.0.4+7) (build 21.0.4+7-LTS)
# Java VM: OpenJDK 64-Bit Server VM Temurin-21.0.4+7 (21.0.4+7-LTS, mixed mode, sharing, tiered, compressed oops, compressed class ptrs, g1 gc, windows-amd64)
GC Precious Log:
 CardTable entry size: 512
 Card Set container configuration: InlinePtr #cards 4 size 8 Array Of Cards #cards 16 size 48 Howl #buckets 8 coarsen threshold 3686 Howl Bitmap #cards 512 size 80 coarsen threshold 460 Card regions per heap region 1 cards per card region 4096
 CPUs: 16 total, 16 available
 Memory: 16164M
 Large Page Support: Disabled
 NUMA Support: Disabled
 Compressed Oops: Enabled (Zero based)
 Heap Region Size: 2M
 Heap Min Capacity: 8M
 Heap Initial Capacity: 254M
 Heap Max Capacity: 4042M
 Pre-touch: Disabled
 Parallel Workers: 13
 Concurrent Workers: 3
 Concurrent Refinement Workers: 13
 Periodic GC: Disabled
Heap:
 garbage-first heap   total 868352K, used 859102K [0x0000000703600000, 0x0000000800000000)
  region size 2048K, 2 young (4096K), 0 survivors (0K)
 Metaspace       used 11006K, committed 11392K, reserved 1114112K
  class space    used 1073K, committed 1280K, reserved 1048576K
GC Heap History (20 events):
Event: 1500.047 GC heap after
{Heap after GC invocations=1791 (full 113):
 garbage-first heap   total 669696K, used 62200K [0x0000000703600000, 0x0000000800000000)
  region size 2048K, 1 young (2048K), 1 survivors (2048K)
 Metaspace       used 11006K, committed 11392K, reserved 1114112K
  class space    used 1073K, committed 1280K, reserved 1048576K
}
Event: 1501.454 GC heap before
{Heap before GC invocations=1791 (full 113):
 garbage-first heap   total 669696K, used 228088K [0x0000000703600000, 0x0000000800000000)
  region size 2048K, 2 young (4096K), 1 survivors (2048K)
 Metaspace       used 11006K, committed 11392K, reserved 1114112K
  class space    used 1073K, committed 1280K, reserved 1048576K
}
Event: 1501.455 GC heap after
{Heap after GC invocations=1792 (full 113):
 garbage-first heap   total 669696K, used 62143K [0x0000000703600000, 0x0000000800000000)
  region size 2048K, 1 young (2048K), 1 survivors (2048K)
 Metaspace       used 11006K, committed 11392K, reserved 1114112K
  class space    used 1073K, committed 1280K, reserved 1048576K
}
Event: 1502.799 GC heap before
{Heap before GC invocations=1792 (full 113):
 garbage-first heap   total 669696K, used 228031K [0x0000000703600000, 0x0000000800000000)
  region size 2048K, 2 young (4096K), 1 survivors (2048K)
 Metaspace       used 11006K, committed 11392K, reserved 1114112K
  class space    used 1073K, committed 1280K, reserved 1048576K
}
Event: 1502.799 GC heap after
{Heap after GC invocations=1793 (full 113):
 garbage-first heap   total 669696K, used 62208K [0x0000000703600000, 0x0000000800000000)
  region size 2048K, 1 young (2048K), 1 survivors (2048K)
 Metaspace       used 11006K, committed 11392K, reserved 1114112K
  class space    used 1073K, committed 1280K, reserved 1048576K
}
Event: 1504.175 GC heap before
{Heap before GC invocations=1793 (full 113):
 garbage-first heap   total 669696K, used 228096K [0x0000000703600000, 0x0000000800000000)
  region size 2048K, 2 young (4096K), 1 survivors (2048K)
 Metaspace       used 11006K, committed 11392K, reserved 1114112K
  class space    used 1073K, committed 1280K, reserved 1048576K
}
Event: 1504.175 GC heap after
{Heap after GC invocations=1794 (full 113):
 garbage-first heap   total 669696K, used 62270K [0x0000000703600000, 0x0000000800000000)
  region size 2048K, 1 young (2048K), 1 survivors (2048K)
 Metaspace       used 11006K, committed 11392K, reserved 1114112K
  class space    used 1073K, committed 1280K, reserved 1048576K
}
Event: 1505.535 GC heap before
{Heap before GC invocations=1794 (full 113):
 garbage-first heap   total 669696K, used 228158K [0x0000000703600000, 0x0000000800000000)
  region size 2048K, 2 young (4096K), 1 survivors (2048K)
 Metaspace       used 11006K, committed 11392K, reserved 1114112K
  class space    used 1073K, committed 1280K, reserved 1048576K
}
Event: 1505.535 GC heap after
{Heap after GC invocations=1795 (full 113):
 garbage-first heap   total 669696K, used 62270K [0x0000000703600000, 0x0000000800000000)
  region size 2048K, 1 young (2048K), 1 survivors (2048K)
 Metaspace       used 11006K, committed 11392K, reserved 1114112K
  class space    used 1073K, committed 1280K, reserved 1048576K
}
Event: 1506.894 GC heap before
{Heap before GC invocations=1795 (full 113):
 garbage-first heap   total 669696K, used 228158K [0x0000000703600000, 0x0000000800000000)
  region size 2048K, 2 young (4096K), 1 survivors (2048K)
 Metaspace       used 11006K, committed 11392K, reserved 1114112K
  class space    used 1073K, committed 1280K, reserved 1048576K
}
Event: 1506.895 GC heap after
{Heap after GC invocations=1796 (full 113):
 garbage-first heap   total 669696K, used 62270K [0x0000000703600000, 0x0000000800000000)
  region size 2048K, 1 young (2048K), 1 survivors (2048K)
 Metaspace       used 11006K, committed 11392K, reserved 1114112K
  class space    used 1073K, committed 1280K, reserved 1048576K
}
Event: 1508.287 GC heap before
{Heap before GC invocations=1796 (full 113):
 garbage-first heap   total 669696K, used 228158K [0x0000000703600000, 0x0000000800000000)
  region size 2048K, 2 young (4096K), 1 survivors (2048K)
 Metaspace       used 11006K, committed 11392K, reserved 1114112K
  class space    used 1073K, committed 1280K, reserved 1048576K
}
Event: 1508.288 GC heap after
{Heap after GC invocations=1797 (full 113):
 garbage-first heap   total 669696K, used 62301K [0x0000000703600000, 0x0000000800000000)
  region size 2048K, 1 young (2048K), 1 survivors (2048K)
 Metaspace       used 11006K, committed 11392K, reserved 1114112K
  class space    used 1073K, committed 1280K, reserved 1048576K
}
Event: 1509.648 GC heap before
{Heap before GC invocations=1797 (full 113):
 garbage-first heap   total 669696K, used 228189K [0x0000000703600000, 0x0000000800000000)
  region size 2048K, 2 young (4096K), 1 survivors (2048K)
 Metaspace       used 11006K, committed 11392K, reserved 1114112K
  class space    used 1073K, committed 1280K, reserved 1048576K
}
Event: 1509.648 GC heap after
{Heap after GC invocations=1798 (full 113):
 garbage-first heap   total 669696K, used 62272K [0x0000000703600000, 0x0000000800000000)
  region size 2048K, 1 young (2048K), 1 survivors (2048K)
 Metaspace       used 11006K, committed 11392K, reserved 1114112K
  class space    used 1073K, committed 1280K, reserved 1048576K
}
Event: 1511.008 GC heap before
{Heap before GC invocations=1798 (full 113):
 garbage-first heap   total 669696K, used 228160K [0x0000000703600000, 0x0000000800000000)
  region size 2048K, 2 young (4096K), 1 survivors (2048K)
 Metaspace       used 11006K, committed 11392K, reserved 1114112K
  class space    used 1073K, committed 1280K, reserved 1048576K
}
Event: 1511.008 GC heap after
{Heap after GC invocations=1799 (full 113):
 garbage-first heap   total 669696K, used 62341K [0x0000000703600000, 0x0000000800000000)
  region size 2048K, 1 young (2048K), 1 survivors (2048K)
 Metaspace       used 11006K, committed 11392K, reserved 1114112K
  class space    used 1073K, committed 1280K, reserved 1048576K
}
Event: 1515.679 GC heap before
{Heap before GC invocations=1800 (full 113):
 garbage-first heap   total 641024K, used 631685K [0x0000000703600000, 0x0000000800000000)
  region size 2048K, 2 young (4096K), 1 survivors (2048K)
 Metaspace       used 11006K, committed 11392K, reserved 1114112K
  class space    used 1073K, committed 1280K, reserved 1048576K
}
Event: 1515.680 GC heap after
{Heap after GC invocations=1801 (full 113):
 garbage-first heap   total 643072K, used 64478K [0x0000000703600000, 0x0000000800000000)
  region size 2048K, 1 young (2048K), 1 survivors (2048K)
 Metaspace       used 11006K, committed 11392K, reserved 1114112K
  class space    used 1073K, committed 1280K, reserved 1048576K
}
Event: 1529.503 GC heap before
{Heap before GC invocations=1801 (full 113):
 garbage-first heap   total 868352K, used 859102K [0x0000000703600000, 0x0000000800000000)
  region size 2048K, 3 young (6144K), 1 survivors (2048K)
 Metaspace       used 11006K, committed 11392K, reserved 1114112K
  class space    used 1073K, committed 1280K, reserved 1048576K
}

