# JRE version: OpenJDK Runtime Environment Temurin-21.0.4+7 (21.0.4+7) (build 21.0.4+7-LTS)
# Java VM: OpenJDK 64-Bit Server VM Temurin-21.0.4+7 (21.0.4+7-LTS, mixed mode, sharing, tiered, compressed oops, compressed class ptrs, g1 gc, windows-amd64)
GC Precious Log:
 CardTable entry size: 512
 Card Set container configuration: InlinePtr #cards 4 size 8 Array Of Cards #cards 16 size 48 Howl #buckets 8 coarsen threshold 3686 Howl Bitmap #cards 512 size 80 coarsen threshold 460 Card regions per heap region 1 cards per card region 4096
 CPUs: 16 total, 16 available
 Memory: 16164M
 Large Page Support: Disabled
 NUMA Support: Disabled
 Compressed Oops: Enabled (Zero based)
 Heap Region Size: 2M
 Heap Min Capacity: 8M
 Heap Initial Capacity: 254M
 Heap Max Capacity: 4042M
 Pre-touch: Disabled
 Parallel Workers: 13
 Concurrent Workers: 3
 Concurrent Refinement Workers: 13
 Periodic GC: Disabled
Heap:
 garbage-first heap   total 561152K, used 245384K [0x0000000703600000, 0x0000000800000000)
  region size 2048K, 9 young (18432K), 1 survivors (2048K)
 Metaspace       used 10095K, committed 10432K, reserved 1114112K
  class space    used 957K, committed 1088K, reserved 1048576K
GC Heap History (20 events):
Event: 67.950 GC heap before
{Heap before GC invocations=19 (full 2):
 garbage-first heap   total 151552K, used 67115K [0x0000000703600000, 0x0000000800000000)
  region size 2048K, 2 young (4096K), 1 survivors (2048K)
 Metaspace       used 10043K, committed 10304K, reserved 1114112K
  class space    used 953K, committed 1088K, reserved 1048576K
}
Event: 67.951 GC heap after
{Heap after GC invocations=20 (full 2):
 garbage-first heap   total 151552K, used 11911K [0x0000000703600000, 0x0000000800000000)
  region size 2048K, 1 young (2048K), 1 survivors (2048K)
 Metaspace       used 10043K, committed 10304K, reserved 1114112K
  class space    used 953K, committed 1088K, reserved 1048576K
}
Event: 68.382 GC heap before
{Heap before GC invocations=20 (full 2):
 garbage-first heap   total 151552K, used 65159K [0x0000000703600000, 0x0000000800000000)
  region size 2048K, 2 young (4096K), 1 survivors (2048K)
 Metaspace       used 10044K, committed 10304K, reserved 1114112K
  class space    used 953K, committed 1088K, reserved 1048576K
}
Event: 68.382 GC heap after
{Heap after GC invocations=21 (full 2):
 garbage-first heap   total 151552K, used 11855K [0x0000000703600000, 0x0000000800000000)
  region size 2048K, 1 young (2048K), 1 survivors (2048K)
 Metaspace       used 10044K, committed 10304K, reserved 1114112K
  class space    used 953K, committed 1088K, reserved 1048576K
}
Event: 68.846 GC heap before
{Heap before GC invocations=21 (full 2):
 garbage-first heap   total 151552K, used 65103K [0x0000000703600000, 0x0000000800000000)
  region size 2048K, 2 young (4096K), 1 survivors (2048K)
 Metaspace       used 10073K, committed 10368K, reserved 1114112K
  class space    used 953K, committed 1088K, reserved 1048576K
}
Event: 68.847 GC heap after
{Heap after GC invocations=22 (full 2):
 garbage-first heap   total 151552K, used 11857K [0x0000000703600000, 0x0000000800000000)
  region size 2048K, 1 young (2048K), 1 survivors (2048K)
 Metaspace       used 10073K, committed 10368K, reserved 1114112K
  class space    used 953K, committed 1088K, reserved 1048576K
}
Event: 69.294 GC heap before
{Heap before GC invocations=22 (full 2):
 garbage-first heap   total 151552K, used 65105K [0x0000000703600000, 0x0000000800000000)
  region size 2048K, 2 young (4096K), 1 survivors (2048K)
 Metaspace       used 10073K, committed 10368K, reserved 1114112K
  class space    used 953K, committed 1088K, reserved 1048576K
}
Event: 69.295 GC heap after
{Heap after GC invocations=23 (full 2):
 garbage-first heap   total 151552K, used 11857K [0x0000000703600000, 0x0000000800000000)
  region size 2048K, 1 young (2048K), 1 survivors (2048K)
 Metaspace       used 10073K, committed 10368K, reserved 1114112K
  class space    used 953K, committed 1088K, reserved 1048576K
}
Event: 69.726 GC heap before
{Heap before GC invocations=23 (full 2):
 garbage-first heap   total 151552K, used 65105K [0x0000000703600000, 0x0000000800000000)
  region size 2048K, 2 young (4096K), 1 survivors (2048K)
 Metaspace       used 10073K, committed 10368K, reserved 1114112K
  class space    used 953K, committed 1088K, reserved 1048576K
}
Event: 69.727 GC heap after
{Heap after GC invocations=24 (full 2):
 garbage-first heap   total 151552K, used 11829K [0x0000000703600000, 0x0000000800000000)
  region size 2048K, 1 young (2048K), 1 survivors (2048K)
 Metaspace       used 10073K, committed 10368K, reserved 1114112K
  class space    used 953K, committed 1088K, reserved 1048576K
}
Event: 70.174 GC heap before
{Heap before GC invocations=24 (full 2):
 garbage-first heap   total 151552K, used 65077K [0x0000000703600000, 0x0000000800000000)
  region size 2048K, 2 young (4096K), 1 survivors (2048K)
 Metaspace       used 10073K, committed 10368K, reserved 1114112K
  class space    used 953K, committed 1088K, reserved 1048576K
}
Event: 70.174 GC heap after
{Heap after GC invocations=25 (full 2):
 garbage-first heap   total 151552K, used 11864K [0x0000000703600000, 0x0000000800000000)
  region size 2048K, 1 young (2048K), 1 survivors (2048K)
 Metaspace       used 10073K, committed 10368K, reserved 1114112K
  class space    used 953K, committed 1088K, reserved 1048576K
}
Event: 70.624 GC heap before
{Heap before GC invocations=25 (full 2):
 garbage-first heap   total 151552K, used 65112K [0x0000000703600000, 0x0000000800000000)
  region size 2048K, 2 young (4096K), 1 survivors (2048K)
 Metaspace       used 10073K, committed 10368K, reserved 1114112K
  class space    used 953K, committed 1088K, reserved 1048576K
}
Event: 70.626 GC heap after
{Heap after GC invocations=26 (full 2):
 garbage-first heap   total 151552K, used 11830K [0x0000000703600000, 0x0000000800000000)
  region size 2048K, 1 young (2048K), 1 survivors (2048K)
 Metaspace       used 10073K, committed 10368K, reserved 1114112K
  class space    used 953K, committed 1088K, reserved 1048576K
}
Event: 74.143 GC heap before
{Heap before GC invocations=27 (full 2):
 garbage-first heap   total 442368K, used 437814K [0x0000000703600000, 0x0000000800000000)
  region size 2048K, 2 young (4096K), 1 survivors (2048K)
 Metaspace       used 10073K, committed 10368K, reserved 1114112K
  class space    used 953K, committed 1088K, reserved 1048576K
}
Event: 74.144 GC heap after
{Heap after GC invocations=28 (full 2):
 garbage-first heap   total 446464K, used 11852K [0x0000000703600000, 0x0000000800000000)
  region size 2048K, 1 young (2048K), 1 survivors (2048K)
 Metaspace       used 10073K, committed 10368K, reserved 1114112K
  class space    used 953K, committed 1088K, reserved 1048576K
}
Event: 78.722 GC heap before
{Heap before GC invocations=28 (full 2):
 garbage-first heap   total 559104K, used 552524K [0x0000000703600000, 0x0000000800000000)
  region size 2048K, 2 young (4096K), 1 survivors (2048K)
 Metaspace       used 10074K, committed 10368K, reserved 1114112K
  class space    used 953K, committed 1088K, reserved 1048576K
}
Event: 78.723 GC heap after
{Heap after GC invocations=29 (full 2):
 garbage-first heap   total 561152K, used 11862K [0x0000000703600000, 0x0000000800000000)
  region size 2048K, 1 young (2048K), 1 survivors (2048K)
 Metaspace       used 10074K, committed 10368K, reserved 1114112K
  class space    used 953K, committed 1088K, reserved 1048576K
}
Event: 84.047 GC heap before
{Heap before GC invocations=29 (full 2):
 garbage-first heap   total 561152K, used 251478K [0x0000000703600000, 0x0000000800000000)
  region size 2048K, 3 young (6144K), 1 survivors (2048K)
 Metaspace       used 10094K, committed 10432K, reserved 1114112K
  class space    used 957K, committed 1088K, reserved 1048576K
}
Event: 84.047 GC heap after
{Heap after GC invocations=30 (full 2):
 garbage-first heap   total 561152K, used 11912K [0x0000000703600000, 0x0000000800000000)
  region size 2048K, 1 young (2048K), 1 survivors (2048K)
 Metaspace       used 10094K, committed 10432K, reserved 1114112K
  class space    used 957K, committed 1088K, reserved 1048576K
}

