# JRE version: OpenJDK Runtime Environment Temurin-21.0.4+7 (21.0.4+7) (build 21.0.4+7-LTS)
# Java VM: OpenJDK 64-Bit Server VM Temurin-21.0.4+7 (21.0.4+7-LTS, mixed mode, sharing, tiered, compressed oops, compressed class ptrs, g1 gc, windows-amd64)
GC Precious Log:
 CardTable entry size: 512
 Card Set container configuration: InlinePtr #cards 4 size 8 Array Of Cards #cards 16 size 48 Howl #buckets 8 coarsen threshold 3686 Howl Bitmap #cards 512 size 80 coarsen threshold 460 Card regions per heap region 1 cards per card region 4096
 CPUs: 8 total, 8 available
 Memory: 16254M
 Large Page Support: Disabled
 NUMA Support: Disabled
 Compressed Oops: Enabled (Zero based)
 Heap Region Size: 2M
 Heap Min Capacity: 8M
 Heap Initial Capacity: 254M
 Heap Max Capacity: 4064M
 Pre-touch: Disabled
 Parallel Workers: 8
 Concurrent Workers: 2
 Concurrent Refinement Workers: 8
 Periodic GC: Disabled
Heap:
 garbage-first heap   total 1095680K, used 797016K [0x0000000702000000, 0x0000000800000000)
  region size 2048K, 1 young (2048K), 1 survivors (2048K)
 Metaspace       used 10285K, committed 10560K, reserved 1114112K
  class space    used 970K, committed 1088K, reserved 1048576K
GC Heap History (20 events):
Event: 181.401 GC heap after
{Heap after GC invocations=33 (full 4):
 garbage-first heap   total 921600K, used 407483K [0x0000000702000000, 0x0000000800000000)
  region size 2048K, 1 young (2048K), 1 survivors (2048K)
 Metaspace       used 9915K, committed 10240K, reserved 1114112K
  class space    used 954K, committed 1088K, reserved 1048576K
}
Event: 185.525 GC heap before
{Heap before GC invocations=34 (full 4):
 garbage-first heap   total 921600K, used 851899K [0x0000000702000000, 0x0000000800000000)
  region size 2048K, 34 young (69632K), 1 survivors (2048K)
 Metaspace       used 10162K, committed 10432K, reserved 1114112K
  class space    used 963K, committed 1088K, reserved 1048576K
}
Event: 185.542 GC heap after
{Heap after GC invocations=35 (full 5):
 garbage-first heap   total 921600K, used 530716K [0x0000000702000000, 0x0000000800000000)
  region size 2048K, 0 young (0K), 0 survivors (0K)
 Metaspace       used 10162K, committed 10432K, reserved 1114112K
  class space    used 963K, committed 1088K, reserved 1048576K
}
Event: 185.564 GC heap before
{Heap before GC invocations=35 (full 5):
 garbage-first heap   total 921600K, used 534812K [0x0000000702000000, 0x0000000800000000)
  region size 2048K, 3 young (6144K), 0 survivors (0K)
 Metaspace       used 10163K, committed 10432K, reserved 1114112K
  class space    used 963K, committed 1088K, reserved 1048576K
}
Event: 185.566 GC heap after
{Heap after GC invocations=36 (full 5):
 garbage-first heap   total 921600K, used 530729K [0x0000000702000000, 0x0000000800000000)
  region size 2048K, 1 young (2048K), 1 survivors (2048K)
 Metaspace       used 10163K, committed 10432K, reserved 1114112K
  class space    used 963K, committed 1088K, reserved 1048576K
}
Event: 185.670 GC heap before
{Heap before GC invocations=37 (full 5):
 garbage-first heap   total 921600K, used 545065K [0x0000000702000000, 0x0000000800000000)
  region size 2048K, 3 young (6144K), 1 survivors (2048K)
 Metaspace       used 10167K, committed 10432K, reserved 1114112K
  class space    used 964K, committed 1088K, reserved 1048576K
}
Event: 185.686 GC heap after
{Heap after GC invocations=38 (full 6):
 garbage-first heap   total 921600K, used 528641K [0x0000000702000000, 0x0000000800000000)
  region size 2048K, 0 young (0K), 0 survivors (0K)
 Metaspace       used 10167K, committed 10432K, reserved 1114112K
  class space    used 964K, committed 1088K, reserved 1048576K
}
Event: 185.703 GC heap before
{Heap before GC invocations=38 (full 6):
 garbage-first heap   total 921600K, used 528641K [0x0000000702000000, 0x0000000800000000)
  region size 2048K, 1 young (2048K), 0 survivors (0K)
 Metaspace       used 10167K, committed 10432K, reserved 1114112K
  class space    used 964K, committed 1088K, reserved 1048576K
}
Event: 185.705 GC heap after
{Heap after GC invocations=39 (full 6):
 garbage-first heap   total 921600K, used 528652K [0x0000000702000000, 0x0000000800000000)
  region size 2048K, 1 young (2048K), 1 survivors (2048K)
 Metaspace       used 10167K, committed 10432K, reserved 1114112K
  class space    used 964K, committed 1088K, reserved 1048576K
}
Event: 191.430 GC heap before
{Heap before GC invocations=40 (full 6):
 garbage-first heap   total 1064960K, used 1050892K [0x0000000702000000, 0x0000000800000000)
  region size 2048K, 2 young (4096K), 1 survivors (2048K)
 Metaspace       used 10227K, committed 10432K, reserved 1114112K
  class space    used 964K, committed 1088K, reserved 1048576K
}
Event: 191.433 GC heap after
{Heap after GC invocations=41 (full 6):
 garbage-first heap   total 1067008K, used 528658K [0x0000000702000000, 0x0000000800000000)
  region size 2048K, 1 young (2048K), 1 survivors (2048K)
 Metaspace       used 10227K, committed 10432K, reserved 1114112K
  class space    used 964K, committed 1088K, reserved 1048576K
}
Event: 195.992 GC heap before
{Heap before GC invocations=41 (full 6):
 garbage-first heap   total 1095680K, used 1079570K [0x0000000702000000, 0x0000000800000000)
  region size 2048K, 2 young (4096K), 1 survivors (2048K)
 Metaspace       used 10265K, committed 10560K, reserved 1114112K
  class space    used 969K, committed 1088K, reserved 1048576K
}
Event: 196.010 GC heap after
{Heap after GC invocations=42 (full 7):
 garbage-first heap   total 1095680K, used 528654K [0x0000000702000000, 0x0000000800000000)
  region size 2048K, 0 young (0K), 0 survivors (0K)
 Metaspace       used 10265K, committed 10560K, reserved 1114112K
  class space    used 969K, committed 1088K, reserved 1048576K
}
Event: 196.023 GC heap before
{Heap before GC invocations=42 (full 7):
 garbage-first heap   total 1095680K, used 528654K [0x0000000702000000, 0x0000000800000000)
  region size 2048K, 1 young (2048K), 0 survivors (0K)
 Metaspace       used 10265K, committed 10560K, reserved 1114112K
  class space    used 969K, committed 1088K, reserved 1048576K
}
Event: 196.025 GC heap after
{Heap after GC invocations=43 (full 7):
 garbage-first heap   total 1095680K, used 528668K [0x0000000702000000, 0x0000000800000000)
  region size 2048K, 1 young (2048K), 1 survivors (2048K)
 Metaspace       used 10265K, committed 10560K, reserved 1114112K
  class space    used 969K, committed 1088K, reserved 1048576K
}
Event: 196.151 GC heap before
{Heap before GC invocations=44 (full 7):
 garbage-first heap   total 1095680K, used 538908K [0x0000000702000000, 0x0000000800000000)
  region size 2048K, 2 young (4096K), 1 survivors (2048K)
 Metaspace       used 10265K, committed 10560K, reserved 1114112K
  class space    used 969K, committed 1088K, reserved 1048576K
}
Event: 196.167 GC heap after
{Heap after GC invocations=45 (full 8):
 garbage-first heap   total 1095680K, used 530703K [0x0000000702000000, 0x0000000800000000)
  region size 2048K, 0 young (0K), 0 survivors (0K)
 Metaspace       used 10265K, committed 10560K, reserved 1114112K
  class space    used 969K, committed 1088K, reserved 1048576K
}
Event: 196.168 GC heap before
{Heap before GC invocations=45 (full 8):
 garbage-first heap   total 1095680K, used 530703K [0x0000000702000000, 0x0000000800000000)
  region size 2048K, 1 young (2048K), 0 survivors (0K)
 Metaspace       used 10265K, committed 10560K, reserved 1114112K
  class space    used 969K, committed 1088K, reserved 1048576K
}
Event: 196.171 GC heap after
{Heap after GC invocations=46 (full 8):
 garbage-first heap   total 1095680K, used 530709K [0x0000000702000000, 0x0000000800000000)
  region size 2048K, 1 young (2048K), 1 survivors (2048K)
 Metaspace       used 10265K, committed 10560K, reserved 1114112K
  class space    used 969K, committed 1088K, reserved 1048576K
}
Event: 201.715 GC heap before
{Heap before GC invocations=47 (full 8):
 garbage-first heap   total 1095680K, used 852245K [0x0000000702000000, 0x0000000800000000)
  region size 2048K, 26 young (53248K), 1 survivors (2048K)
 Metaspace       used 10285K, committed 10560K, reserved 1114112K
  class space    used 970K, committed 1088K, reserved 1048576K
}

