# JRE version: OpenJDK Runtime Environment Temurin-21.0.4+7 (21.0.4+7) (build 21.0.4+7-LTS)
# Java VM: OpenJDK 64-Bit Server VM Temurin-21.0.4+7 (21.0.4+7-LTS, mixed mode, sharing, tiered, compressed oops, compressed class ptrs, g1 gc, windows-amd64)
GC Precious Log:
 CardTable entry size: 512
 Card Set container configuration: InlinePtr #cards 4 size 8 Array Of Cards #cards 16 size 48 Howl #buckets 8 coarsen threshold 3686 Howl Bitmap #cards 512 size 80 coarsen threshold 460 Card regions per heap region 1 cards per card region 4096
 CPUs: 8 total, 8 available
 Memory: 16254M
 Large Page Support: Disabled
 NUMA Support: Disabled
 Compressed Oops: Enabled (Zero based)
 Heap Region Size: 2M
 Heap Min Capacity: 8M
 Heap Initial Capacity: 254M
 Heap Max Capacity: 4064M
 Pre-touch: Disabled
 Parallel Workers: 8
 Concurrent Workers: 2
 Concurrent Refinement Workers: 8
 Periodic GC: Disabled
Heap:
 garbage-first heap   total 598016K, used 509859K [0x0000000702000000, 0x0000000800000000)
  region size 2048K, 3 young (6144K), 1 survivors (2048K)
 Metaspace       used 9783K, committed 10048K, reserved 1114112K
  class space    used 942K, committed 1024K, reserved 1048576K
GC Heap History (20 events):
Event: 1127.540 GC heap before
{Heap before GC invocations=4 (full 1):
 garbage-first heap   total 55296K, used 27655K [0x0000000702000000, 0x0000000800000000)
  region size 2048K, 12 young (24576K), 1 survivors (2048K)
 Metaspace       used 9317K, committed 9600K, reserved 1114112K
  class space    used 909K, committed 1024K, reserved 1048576K
}
Event: 1127.544 GC heap after
{Heap after GC invocations=5 (full 1):
 garbage-first heap   total 55296K, used 5112K [0x0000000702000000, 0x0000000800000000)
  region size 2048K, 1 young (2048K), 1 survivors (2048K)
 Metaspace       used 9317K, committed 9600K, reserved 1114112K
  class space    used 909K, committed 1024K, reserved 1048576K
}
Event: 2063.006 GC heap before
{Heap before GC invocations=5 (full 1):
 garbage-first heap   total 55296K, used 35832K [0x0000000702000000, 0x0000000800000000)
  region size 2048K, 16 young (32768K), 1 survivors (2048K)
 Metaspace       used 9317K, committed 9600K, reserved 1114112K
  class space    used 909K, committed 1024K, reserved 1048576K
}
Event: 2063.009 GC heap after
{Heap after GC invocations=6 (full 1):
 garbage-first heap   total 55296K, used 5115K [0x0000000702000000, 0x0000000800000000)
  region size 2048K, 1 young (2048K), 1 survivors (2048K)
 Metaspace       used 9317K, committed 9600K, reserved 1114112K
  class space    used 909K, committed 1024K, reserved 1048576K
}
Event: 2553.905 GC heap before
{Heap before GC invocations=6 (full 1):
 garbage-first heap   total 55296K, used 39931K [0x0000000702000000, 0x0000000800000000)
  region size 2048K, 15 young (30720K), 1 survivors (2048K)
 Metaspace       used 9720K, committed 9984K, reserved 1114112K
  class space    used 942K, committed 1024K, reserved 1048576K
}
Event: 2553.909 GC heap after
{Heap after GC invocations=7 (full 1):
 garbage-first heap   total 57344K, used 13345K [0x0000000702000000, 0x0000000800000000)
  region size 2048K, 1 young (2048K), 1 survivors (2048K)
 Metaspace       used 9720K, committed 9984K, reserved 1114112K
  class space    used 942K, committed 1024K, reserved 1048576K
}
Event: 2553.957 GC heap before
{Heap before GC invocations=7 (full 1):
 garbage-first heap   total 57344K, used 17441K [0x0000000702000000, 0x0000000800000000)
  region size 2048K, 2 young (4096K), 1 survivors (2048K)
 Metaspace       used 9722K, committed 9984K, reserved 1114112K
  class space    used 942K, committed 1024K, reserved 1048576K
}
Event: 2553.958 GC heap after
{Heap after GC invocations=8 (full 1):
 garbage-first heap   total 57344K, used 20148K [0x0000000702000000, 0x0000000800000000)
  region size 2048K, 2 young (4096K), 2 survivors (4096K)
 Metaspace       used 9722K, committed 9984K, reserved 1114112K
  class space    used 942K, committed 1024K, reserved 1048576K
}
Event: 2554.794 GC heap before
{Heap before GC invocations=9 (full 1):
 garbage-first heap   total 151552K, used 136884K [0x0000000702000000, 0x0000000800000000)
  region size 2048K, 8 young (16384K), 2 survivors (4096K)
 Metaspace       used 9738K, committed 9984K, reserved 1114112K
  class space    used 942K, committed 1024K, reserved 1048576K
}
Event: 2554.796 GC heap after
{Heap after GC invocations=10 (full 1):
 garbage-first heap   total 153600K, used 123983K [0x0000000702000000, 0x0000000800000000)
  region size 2048K, 1 young (2048K), 1 survivors (2048K)
 Metaspace       used 9738K, committed 9984K, reserved 1114112K
  class space    used 942K, committed 1024K, reserved 1048576K
}
Event: 2555.072 GC heap before
{Heap before GC invocations=10 (full 1):
 garbage-first heap   total 178176K, used 158799K [0x0000000702000000, 0x0000000800000000)
  region size 2048K, 3 young (6144K), 1 survivors (2048K)
 Metaspace       used 9739K, committed 9984K, reserved 1114112K
  class space    used 942K, committed 1024K, reserved 1048576K
}
Event: 2555.074 GC heap after
{Heap after GC invocations=11 (full 1):
 garbage-first heap   total 178176K, used 156764K [0x0000000702000000, 0x0000000800000000)
  region size 2048K, 1 young (2048K), 1 survivors (2048K)
 Metaspace       used 9739K, committed 9984K, reserved 1114112K
  class space    used 942K, committed 1024K, reserved 1048576K
}
Event: 2555.110 GC heap before
{Heap before GC invocations=11 (full 1):
 garbage-first heap   total 178176K, used 156764K [0x0000000702000000, 0x0000000800000000)
  region size 2048K, 2 young (4096K), 1 survivors (2048K)
 Metaspace       used 9739K, committed 9984K, reserved 1114112K
  class space    used 942K, committed 1024K, reserved 1048576K
}
Event: 2555.113 GC heap after
{Heap after GC invocations=12 (full 1):
 garbage-first heap   total 178176K, used 159420K [0x0000000702000000, 0x0000000800000000)
  region size 2048K, 1 young (2048K), 1 survivors (2048K)
 Metaspace       used 9739K, committed 9984K, reserved 1114112K
  class space    used 942K, committed 1024K, reserved 1048576K
}
Event: 2555.371 GC heap before
{Heap before GC invocations=13 (full 1):
 garbage-first heap   total 286720K, used 220860K [0x0000000702000000, 0x0000000800000000)
  region size 2048K, 4 young (8192K), 1 survivors (2048K)
 Metaspace       used 9749K, committed 9984K, reserved 1114112K
  class space    used 942K, committed 1024K, reserved 1048576K
}
Event: 2555.374 GC heap after
{Heap after GC invocations=14 (full 1):
 garbage-first heap   total 286720K, used 214859K [0x0000000702000000, 0x0000000800000000)
  region size 2048K, 1 young (2048K), 1 survivors (2048K)
 Metaspace       used 9749K, committed 9984K, reserved 1114112K
  class space    used 942K, committed 1024K, reserved 1048576K
}
Event: 2556.261 GC heap before
{Heap before GC invocations=14 (full 1):
 garbage-first heap   total 368640K, used 360267K [0x0000000702000000, 0x0000000800000000)
  region size 2048K, 9 young (18432K), 1 survivors (2048K)
 Metaspace       used 9764K, committed 9984K, reserved 1114112K
  class space    used 942K, committed 1024K, reserved 1048576K
}
Event: 2556.263 GC heap after
{Heap after GC invocations=15 (full 1):
 garbage-first heap   total 370688K, used 345977K [0x0000000702000000, 0x0000000800000000)
  region size 2048K, 1 young (2048K), 1 survivors (2048K)
 Metaspace       used 9764K, committed 9984K, reserved 1114112K
  class space    used 942K, committed 1024K, reserved 1048576K
}
Event: 2556.280 GC heap before
{Heap before GC invocations=15 (full 1):
 garbage-first heap   total 370688K, used 345977K [0x0000000702000000, 0x0000000800000000)
  region size 2048K, 2 young (4096K), 1 survivors (2048K)
 Metaspace       used 9765K, committed 9984K, reserved 1114112K
  class space    used 942K, committed 1024K, reserved 1048576K
}
Event: 2556.282 GC heap after
{Heap after GC invocations=16 (full 1):
 garbage-first heap   total 370688K, used 347415K [0x0000000702000000, 0x0000000800000000)
  region size 2048K, 1 young (2048K), 1 survivors (2048K)
 Metaspace       used 9765K, committed 9984K, reserved 1114112K
  class space    used 942K, committed 1024K, reserved 1048576K
}

