# JRE version: OpenJDK Runtime Environment Temurin-21.0.4+7 (21.0.4+7) (build 21.0.4+7-LTS)
# Java VM: OpenJDK 64-Bit Server VM Temurin-21.0.4+7 (21.0.4+7-LTS, mixed mode, sharing, tiered, compressed oops, compressed class ptrs, g1 gc, windows-amd64)
GC Precious Log:
 CardTable entry size: 512
 Card Set container configuration: InlinePtr #cards 4 size 8 Array Of Cards #cards 16 size 48 Howl #buckets 8 coarsen threshold 3686 Howl Bitmap #cards 512 size 80 coarsen threshold 460 Card regions per heap region 1 cards per card region 4096
 CPUs: 16 total, 16 available
 Memory: 16164M
 Large Page Support: Disabled
 NUMA Support: Disabled
 Compressed Oops: Enabled (Zero based)
 Heap Region Size: 2M
 Heap Min Capacity: 8M
 Heap Initial Capacity: 254M
 Heap Max Capacity: 4042M
 Pre-touch: Disabled
 Parallel Workers: 13
 Concurrent Workers: 3
 Concurrent Refinement Workers: 13
 Periodic GC: Disabled
Heap:
 garbage-first heap   total 862208K, used 438981K [0x0000000703600000, 0x0000000800000000)
  region size 2048K, 2 young (4096K), 1 survivors (2048K)
 Metaspace       used 10551K, committed 10880K, reserved 1114112K
  class space    used 1010K, committed 1152K, reserved 1048576K
GC Heap History (20 events):
Event: 997.005 GC heap before
{Heap before GC invocations=616 (full 17):
 garbage-first heap   total 675840K, used 228072K [0x0000000703600000, 0x0000000800000000)
  region size 2048K, 2 young (4096K), 1 survivors (2048K)
 Metaspace       used 10551K, committed 10880K, reserved 1114112K
  class space    used 1010K, committed 1152K, reserved 1048576K
}
Event: 997.007 GC heap after
{Heap after GC invocations=617 (full 17):
 garbage-first heap   total 675840K, used 27366K [0x0000000703600000, 0x0000000800000000)
  region size 2048K, 1 young (2048K), 1 survivors (2048K)
 Metaspace       used 10551K, committed 10880K, reserved 1114112K
  class space    used 1010K, committed 1152K, reserved 1048576K
}
Event: 999.621 GC heap before
{Heap before GC invocations=617 (full 17):
 garbage-first heap   total 675840K, used 228070K [0x0000000703600000, 0x0000000800000000)
  region size 2048K, 2 young (4096K), 1 survivors (2048K)
 Metaspace       used 10551K, committed 10880K, reserved 1114112K
  class space    used 1010K, committed 1152K, reserved 1048576K
}
Event: 999.622 GC heap after
{Heap after GC invocations=618 (full 17):
 garbage-first heap   total 675840K, used 27366K [0x0000000703600000, 0x0000000800000000)
  region size 2048K, 1 young (2048K), 1 survivors (2048K)
 Metaspace       used 10551K, committed 10880K, reserved 1114112K
  class space    used 1010K, committed 1152K, reserved 1048576K
}
Event: 1002.183 GC heap before
{Heap before GC invocations=618 (full 17):
 garbage-first heap   total 675840K, used 228070K [0x0000000703600000, 0x0000000800000000)
  region size 2048K, 2 young (4096K), 1 survivors (2048K)
 Metaspace       used 10551K, committed 10880K, reserved 1114112K
  class space    used 1010K, committed 1152K, reserved 1048576K
}
Event: 1002.184 GC heap after
{Heap after GC invocations=619 (full 17):
 garbage-first heap   total 675840K, used 27366K [0x0000000703600000, 0x0000000800000000)
  region size 2048K, 1 young (2048K), 1 survivors (2048K)
 Metaspace       used 10551K, committed 10880K, reserved 1114112K
  class space    used 1010K, committed 1152K, reserved 1048576K
}
Event: 1004.641 GC heap before
{Heap before GC invocations=619 (full 17):
 garbage-first heap   total 675840K, used 228070K [0x0000000703600000, 0x0000000800000000)
  region size 2048K, 2 young (4096K), 1 survivors (2048K)
 Metaspace       used 10551K, committed 10880K, reserved 1114112K
  class space    used 1010K, committed 1152K, reserved 1048576K
}
Event: 1004.641 GC heap after
{Heap after GC invocations=620 (full 17):
 garbage-first heap   total 675840K, used 27368K [0x0000000703600000, 0x0000000800000000)
  region size 2048K, 1 young (2048K), 1 survivors (2048K)
 Metaspace       used 10551K, committed 10880K, reserved 1114112K
  class space    used 1010K, committed 1152K, reserved 1048576K
}
Event: 1007.129 GC heap before
{Heap before GC invocations=620 (full 17):
 garbage-first heap   total 675840K, used 228072K [0x0000000703600000, 0x0000000800000000)
  region size 2048K, 2 young (4096K), 1 survivors (2048K)
 Metaspace       used 10551K, committed 10880K, reserved 1114112K
  class space    used 1010K, committed 1152K, reserved 1048576K
}
Event: 1007.130 GC heap after
{Heap after GC invocations=621 (full 17):
 garbage-first heap   total 675840K, used 27368K [0x0000000703600000, 0x0000000800000000)
  region size 2048K, 1 young (2048K), 1 survivors (2048K)
 Metaspace       used 10551K, committed 10880K, reserved 1114112K
  class space    used 1010K, committed 1152K, reserved 1048576K
}
Event: 1009.662 GC heap before
{Heap before GC invocations=621 (full 17):
 garbage-first heap   total 675840K, used 228072K [0x0000000703600000, 0x0000000800000000)
  region size 2048K, 2 young (4096K), 1 survivors (2048K)
 Metaspace       used 10551K, committed 10880K, reserved 1114112K
  class space    used 1010K, committed 1152K, reserved 1048576K
}
Event: 1009.663 GC heap after
{Heap after GC invocations=622 (full 17):
 garbage-first heap   total 675840K, used 27368K [0x0000000703600000, 0x0000000800000000)
  region size 2048K, 1 young (2048K), 1 survivors (2048K)
 Metaspace       used 10551K, committed 10880K, reserved 1114112K
  class space    used 1010K, committed 1152K, reserved 1048576K
}
Event: 1012.159 GC heap before
{Heap before GC invocations=622 (full 17):
 garbage-first heap   total 675840K, used 228072K [0x0000000703600000, 0x0000000800000000)
  region size 2048K, 2 young (4096K), 1 survivors (2048K)
 Metaspace       used 10551K, committed 10880K, reserved 1114112K
  class space    used 1010K, committed 1152K, reserved 1048576K
}
Event: 1012.159 GC heap after
{Heap after GC invocations=623 (full 17):
 garbage-first heap   total 675840K, used 27368K [0x0000000703600000, 0x0000000800000000)
  region size 2048K, 1 young (2048K), 1 survivors (2048K)
 Metaspace       used 10551K, committed 10880K, reserved 1114112K
  class space    used 1010K, committed 1152K, reserved 1048576K
}
Event: 1014.673 GC heap before
{Heap before GC invocations=623 (full 17):
 garbage-first heap   total 675840K, used 228072K [0x0000000703600000, 0x0000000800000000)
  region size 2048K, 2 young (4096K), 1 survivors (2048K)
 Metaspace       used 10551K, committed 10880K, reserved 1114112K
  class space    used 1010K, committed 1152K, reserved 1048576K
}
Event: 1014.673 GC heap after
{Heap after GC invocations=624 (full 17):
 garbage-first heap   total 675840K, used 27372K [0x0000000703600000, 0x0000000800000000)
  region size 2048K, 1 young (2048K), 1 survivors (2048K)
 Metaspace       used 10551K, committed 10880K, reserved 1114112K
  class space    used 1010K, committed 1152K, reserved 1048576K
}
Event: 1021.542 GC heap before
{Heap before GC invocations=625 (full 17):
 garbage-first heap   total 552960K, used 543468K [0x0000000703600000, 0x0000000800000000)
  region size 2048K, 2 young (4096K), 1 survivors (2048K)
 Metaspace       used 10551K, committed 10880K, reserved 1114112K
  class space    used 1010K, committed 1152K, reserved 1048576K
}
Event: 1021.544 GC heap after
{Heap after GC invocations=626 (full 17):
 garbage-first heap   total 555008K, used 29420K [0x0000000703600000, 0x0000000800000000)
  region size 2048K, 1 young (2048K), 1 survivors (2048K)
 Metaspace       used 10551K, committed 10880K, reserved 1114112K
  class space    used 1010K, committed 1152K, reserved 1048576K
}
Event: 1029.935 GC heap before
{Heap before GC invocations=626 (full 17):
 garbage-first heap   total 858112K, used 848620K [0x0000000703600000, 0x0000000800000000)
  region size 2048K, 2 young (4096K), 1 survivors (2048K)
 Metaspace       used 10551K, committed 10880K, reserved 1114112K
  class space    used 1010K, committed 1152K, reserved 1048576K
}
Event: 1029.937 GC heap after
{Heap after GC invocations=627 (full 17):
 garbage-first heap   total 862208K, used 29381K [0x0000000703600000, 0x0000000800000000)
  region size 2048K, 1 young (2048K), 1 survivors (2048K)
 Metaspace       used 10551K, committed 10880K, reserved 1114112K
  class space    used 1010K, committed 1152K, reserved 1048576K
}

