# JRE version: OpenJDK Runtime Environment Temurin-21.0.4+7 (21.0.4+7) (build 21.0.4+7-LTS)
# Java VM: OpenJDK 64-Bit Server VM Temurin-21.0.4+7 (21.0.4+7-LTS, mixed mode, sharing, tiered, compressed oops, compressed class ptrs, g1 gc, windows-amd64)
GC Precious Log:
 CardTable entry size: 512
 Card Set container configuration: InlinePtr #cards 4 size 8 Array Of Cards #cards 16 size 48 Howl #buckets 8 coarsen threshold 3686 Howl Bitmap #cards 512 size 80 coarsen threshold 460 Card regions per heap region 1 cards per card region 4096
 CPUs: 16 total, 16 available
 Memory: 16164M
 Large Page Support: Disabled
 NUMA Support: Disabled
 Compressed Oops: Enabled (Zero based)
 Heap Region Size: 2M
 Heap Min Capacity: 8M
 Heap Initial Capacity: 254M
 Heap Max Capacity: 4042M
 Pre-touch: Disabled
 Parallel Workers: 13
 Concurrent Workers: 3
 Concurrent Refinement Workers: 13
 Periodic GC: Disabled
Heap:
 garbage-first heap   total 935936K, used 205956K [0x0000000703600000, 0x0000000800000000)
  region size 2048K, 91 young (186368K), 1 survivors (2048K)
 Metaspace       used 12227K, committed 12672K, reserved 1114112K
  class space    used 1096K, committed 1280K, reserved 1048576K
GC Heap History (20 events):
Event: 550.619 GC heap before
{Heap before GC invocations=733 (full 9):
 garbage-first heap   total 935936K, used 582539K [0x0000000703600000, 0x0000000800000000)
  region size 2048K, 128 young (262144K), 1 survivors (2048K)
 Metaspace       used 12227K, committed 12672K, reserved 1114112K
  class space    used 1096K, committed 1280K, reserved 1048576K
}
Event: 550.621 GC heap after
{Heap after GC invocations=734 (full 9):
 garbage-first heap   total 935936K, used 21374K [0x0000000703600000, 0x0000000800000000)
  region size 2048K, 1 young (2048K), 1 survivors (2048K)
 Metaspace       used 12227K, committed 12672K, reserved 1114112K
  class space    used 1096K, committed 1280K, reserved 1048576K
}
Event: 552.233 GC heap before
{Heap before GC invocations=734 (full 9):
 garbage-first heap   total 935936K, used 664446K [0x0000000703600000, 0x0000000800000000)
  region size 2048K, 274 young (561152K), 1 survivors (2048K)
 Metaspace       used 12227K, committed 12672K, reserved 1114112K
  class space    used 1096K, committed 1280K, reserved 1048576K
}
Event: 552.235 GC heap after
{Heap after GC invocations=735 (full 9):
 garbage-first heap   total 935936K, used 21952K [0x0000000703600000, 0x0000000800000000)
  region size 2048K, 1 young (2048K), 1 survivors (2048K)
 Metaspace       used 12227K, committed 12672K, reserved 1114112K
  class space    used 1096K, committed 1280K, reserved 1048576K
}
Event: 553.602 GC heap before
{Heap before GC invocations=735 (full 9):
 garbage-first heap   total 935936K, used 630208K [0x0000000703600000, 0x0000000800000000)
  region size 2048K, 274 young (561152K), 1 survivors (2048K)
 Metaspace       used 12227K, committed 12672K, reserved 1114112K
  class space    used 1096K, committed 1280K, reserved 1048576K
}
Event: 553.604 GC heap after
{Heap after GC invocations=736 (full 9):
 garbage-first heap   total 935936K, used 21695K [0x0000000703600000, 0x0000000800000000)
  region size 2048K, 1 young (2048K), 1 survivors (2048K)
 Metaspace       used 12227K, committed 12672K, reserved 1114112K
  class space    used 1096K, committed 1280K, reserved 1048576K
}
Event: 556.923 GC heap before
{Heap before GC invocations=736 (full 9):
 garbage-first heap   total 935936K, used 834751K [0x0000000703600000, 0x0000000800000000)
  region size 2048K, 251 young (514048K), 1 survivors (2048K)
 Metaspace       used 12227K, committed 12672K, reserved 1114112K
  class space    used 1096K, committed 1280K, reserved 1048576K
}
Event: 556.925 GC heap after
{Heap after GC invocations=737 (full 9):
 garbage-first heap   total 935936K, used 21512K [0x0000000703600000, 0x0000000800000000)
  region size 2048K, 1 young (2048K), 1 survivors (2048K)
 Metaspace       used 12227K, committed 12672K, reserved 1114112K
  class space    used 1096K, committed 1280K, reserved 1048576K
}
Event: 561.736 GC heap before
{Heap before GC invocations=737 (full 9):
 garbage-first heap   total 935936K, used 822280K [0x0000000703600000, 0x0000000800000000)
  region size 2048K, 274 young (561152K), 1 survivors (2048K)
 Metaspace       used 12227K, committed 12672K, reserved 1114112K
  class space    used 1096K, committed 1280K, reserved 1048576K
}
Event: 561.740 GC heap after
{Heap after GC invocations=738 (full 9):
 garbage-first heap   total 935936K, used 22513K [0x0000000703600000, 0x0000000800000000)
  region size 2048K, 2 young (4096K), 2 survivors (4096K)
 Metaspace       used 12227K, committed 12672K, reserved 1114112K
  class space    used 1096K, committed 1280K, reserved 1048576K
}
Event: 563.811 GC heap before
{Heap before GC invocations=738 (full 9):
 garbage-first heap   total 935936K, used 647153K [0x0000000703600000, 0x0000000800000000)
  region size 2048K, 274 young (561152K), 2 survivors (4096K)
 Metaspace       used 12227K, committed 12672K, reserved 1114112K
  class space    used 1096K, committed 1280K, reserved 1048576K
}
Event: 563.813 GC heap after
{Heap after GC invocations=739 (full 9):
 garbage-first heap   total 935936K, used 22127K [0x0000000703600000, 0x0000000800000000)
  region size 2048K, 1 young (2048K), 1 survivors (2048K)
 Metaspace       used 12227K, committed 12672K, reserved 1114112K
  class space    used 1096K, committed 1280K, reserved 1048576K
}
Event: 569.435 GC heap before
{Heap before GC invocations=739 (full 9):
 garbage-first heap   total 935936K, used 626287K [0x0000000703600000, 0x0000000800000000)
  region size 2048K, 149 young (305152K), 1 survivors (2048K)
 Metaspace       used 12227K, committed 12672K, reserved 1114112K
  class space    used 1096K, committed 1280K, reserved 1048576K
}
Event: 569.437 GC heap after
{Heap after GC invocations=740 (full 9):
 garbage-first heap   total 935936K, used 21290K [0x0000000703600000, 0x0000000800000000)
  region size 2048K, 1 young (2048K), 1 survivors (2048K)
 Metaspace       used 12227K, committed 12672K, reserved 1114112K
  class space    used 1096K, committed 1280K, reserved 1048576K
}
Event: 571.338 GC heap before
{Heap before GC invocations=740 (full 9):
 garbage-first heap   total 935936K, used 594730K [0x0000000703600000, 0x0000000800000000)
  region size 2048K, 274 young (561152K), 1 survivors (2048K)
 Metaspace       used 12227K, committed 12672K, reserved 1114112K
  class space    used 1096K, committed 1280K, reserved 1048576K
}
Event: 571.344 GC heap after
{Heap after GC invocations=741 (full 9):
 garbage-first heap   total 935936K, used 22186K [0x0000000703600000, 0x0000000800000000)
  region size 2048K, 2 young (4096K), 2 survivors (4096K)
 Metaspace       used 12227K, committed 12672K, reserved 1114112K
  class space    used 1096K, committed 1280K, reserved 1048576K
}
Event: 572.702 GC heap before
{Heap before GC invocations=741 (full 9):
 garbage-first heap   total 935936K, used 583338K [0x0000000703600000, 0x0000000800000000)
  region size 2048K, 274 young (561152K), 2 survivors (4096K)
 Metaspace       used 12227K, committed 12672K, reserved 1114112K
  class space    used 1096K, committed 1280K, reserved 1048576K
}
Event: 572.706 GC heap after
{Heap after GC invocations=742 (full 9):
 garbage-first heap   total 935936K, used 22124K [0x0000000703600000, 0x0000000800000000)
  region size 2048K, 1 young (2048K), 1 survivors (2048K)
 Metaspace       used 12227K, committed 12672K, reserved 1114112K
  class space    used 1096K, committed 1280K, reserved 1048576K
}
Event: 573.965 GC heap before
{Heap before GC invocations=742 (full 9):
 garbage-first heap   total 935936K, used 581228K [0x0000000703600000, 0x0000000800000000)
  region size 2048K, 274 young (561152K), 1 survivors (2048K)
 Metaspace       used 12227K, committed 12672K, reserved 1114112K
  class space    used 1096K, committed 1280K, reserved 1048576K
}
Event: 573.967 GC heap after
{Heap after GC invocations=743 (full 9):
 garbage-first heap   total 935936K, used 21636K [0x0000000703600000, 0x0000000800000000)
  region size 2048K, 1 young (2048K), 1 survivors (2048K)
 Metaspace       used 12227K, committed 12672K, reserved 1114112K
  class space    used 1096K, committed 1280K, reserved 1048576K
}

