# JRE version: OpenJDK Runtime Environment Temurin-21.0.4+7 (21.0.4+7) (build 21.0.4+7-LTS)
# Java VM: OpenJDK 64-Bit Server VM Temurin-21.0.4+7 (21.0.4+7-LTS, mixed mode, sharing, tiered, compressed oops, compressed class ptrs, g1 gc, windows-amd64)
GC Precious Log:
 CardTable entry size: 512
 Card Set container configuration: InlinePtr #cards 4 size 8 Array Of Cards #cards 16 size 48 Howl #buckets 8 coarsen threshold 3686 Howl Bitmap #cards 512 size 80 coarsen threshold 460 Card regions per heap region 1 cards per card region 4096
 CPUs: 16 total, 16 available
 Memory: 16164M
 Large Page Support: Disabled
 NUMA Support: Disabled
 Compressed Oops: Enabled (Zero based)
 Heap Region Size: 2M
 Heap Min Capacity: 8M
 Heap Initial Capacity: 254M
 Heap Max Capacity: 4042M
 Pre-touch: Disabled
 Parallel Workers: 13
 Concurrent Workers: 3
 Concurrent Refinement Workers: 13
 Periodic GC: Disabled
Heap:
 garbage-first heap   total 696320K, used 561447K [0x0000000703600000, 0x0000000800000000)
  region size 2048K, 0 young (0K), 0 survivors (0K)
 Metaspace       used 10629K, committed 10944K, reserved 1114112K
  class space    used 997K, committed 1152K, reserved 1048576K
GC Heap History (20 events):
Event: 533.261 GC heap after
{Heap after GC invocations=409 (full 132):
 garbage-first heap   total 108544K, used 45202K [0x0000000703600000, 0x0000000800000000)
  region size 2048K, 1 young (2048K), 1 survivors (2048K)
 Metaspace       used 10581K, committed 10880K, reserved 1114112K
  class space    used 997K, committed 1152K, reserved 1048576K
}
Event: 533.289 GC heap before
{Heap before GC invocations=409 (full 132):
 garbage-first heap   total 108544K, used 49298K [0x0000000703600000, 0x0000000800000000)
  region size 2048K, 2 young (4096K), 1 survivors (2048K)
 Metaspace       used 10581K, committed 10880K, reserved 1114112K
  class space    used 997K, committed 1152K, reserved 1048576K
}
Event: 533.290 GC heap after
{Heap after GC invocations=410 (full 132):
 garbage-first heap   total 108544K, used 47958K [0x0000000703600000, 0x0000000800000000)
  region size 2048K, 2 young (4096K), 2 survivors (4096K)
 Metaspace       used 10581K, committed 10880K, reserved 1114112K
  class space    used 997K, committed 1152K, reserved 1048576K
}
Event: 533.292 GC heap before
{Heap before GC invocations=410 (full 132):
 garbage-first heap   total 108544K, used 52054K [0x0000000703600000, 0x0000000800000000)
  region size 2048K, 3 young (6144K), 2 survivors (4096K)
 Metaspace       used 10581K, committed 10880K, reserved 1114112K
  class space    used 997K, committed 1152K, reserved 1048576K
}
Event: 533.293 GC heap after
{Heap after GC invocations=411 (full 132):
 garbage-first heap   total 108544K, used 49302K [0x0000000703600000, 0x0000000800000000)
  region size 2048K, 1 young (2048K), 1 survivors (2048K)
 Metaspace       used 10581K, committed 10880K, reserved 1114112K
  class space    used 997K, committed 1152K, reserved 1048576K
}
Event: 533.537 GC heap before
{Heap before GC invocations=412 (full 132):
 garbage-first heap   total 141312K, used 135318K [0x0000000703600000, 0x0000000800000000)
  region size 2048K, 6 young (12288K), 1 survivors (2048K)
 Metaspace       used 10592K, committed 10880K, reserved 1114112K
  class space    used 997K, committed 1152K, reserved 1048576K
}
Event: 533.538 GC heap after
{Heap after GC invocations=413 (full 132):
 garbage-first heap   total 143360K, used 127177K [0x0000000703600000, 0x0000000800000000)
  region size 2048K, 1 young (2048K), 1 survivors (2048K)
 Metaspace       used 10592K, committed 10880K, reserved 1114112K
  class space    used 997K, committed 1152K, reserved 1048576K
}
Event: 533.641 GC heap before
{Heap before GC invocations=413 (full 132):
 garbage-first heap   total 163840K, used 153801K [0x0000000703600000, 0x0000000800000000)
  region size 2048K, 3 young (6144K), 1 survivors (2048K)
 Metaspace       used 10593K, committed 10880K, reserved 1114112K
  class space    used 997K, committed 1152K, reserved 1048576K
}
Event: 533.643 GC heap after
{Heap after GC invocations=414 (full 132):
 garbage-first heap   total 163840K, used 151787K [0x0000000703600000, 0x0000000800000000)
  region size 2048K, 1 young (2048K), 1 survivors (2048K)
 Metaspace       used 10593K, committed 10880K, reserved 1114112K
  class space    used 997K, committed 1152K, reserved 1048576K
}
Event: 533.655 GC heap before
{Heap before GC invocations=414 (full 132):
 garbage-first heap   total 163840K, used 151787K [0x0000000703600000, 0x0000000800000000)
  region size 2048K, 2 young (4096K), 1 survivors (2048K)
 Metaspace       used 10593K, committed 10880K, reserved 1114112K
  class space    used 997K, committed 1152K, reserved 1048576K
}
Event: 533.656 GC heap after
{Heap after GC invocations=415 (full 132):
 garbage-first heap   total 206848K, used 154485K [0x0000000703600000, 0x0000000800000000)
  region size 2048K, 1 young (2048K), 1 survivors (2048K)
 Metaspace       used 10593K, committed 10880K, reserved 1114112K
  class space    used 997K, committed 1152K, reserved 1048576K
}
Event: 534.102 GC heap before
{Heap before GC invocations=416 (full 132):
 garbage-first heap   total 348160K, used 344949K [0x0000000703600000, 0x0000000800000000)
  region size 2048K, 11 young (22528K), 1 survivors (2048K)
 Metaspace       used 10606K, committed 10880K, reserved 1114112K
  class space    used 997K, committed 1152K, reserved 1048576K
}
Event: 534.103 GC heap after
{Heap after GC invocations=417 (full 132):
 garbage-first heap   total 350208K, used 324608K [0x0000000703600000, 0x0000000800000000)
  region size 2048K, 1 young (2048K), 1 survivors (2048K)
 Metaspace       used 10606K, committed 10880K, reserved 1114112K
  class space    used 997K, committed 1152K, reserved 1048576K
}
Event: 534.260 GC heap before
{Heap before GC invocations=417 (full 132):
 garbage-first heap   total 419840K, used 414720K [0x0000000703600000, 0x0000000800000000)
  region size 2048K, 6 young (12288K), 1 survivors (2048K)
 Metaspace       used 10615K, committed 10880K, reserved 1114112K
  class space    used 997K, committed 1152K, reserved 1048576K
}
Event: 534.262 GC heap after
{Heap after GC invocations=418 (full 132):
 garbage-first heap   total 423936K, used 407004K [0x0000000703600000, 0x0000000800000000)
  region size 2048K, 1 young (2048K), 1 survivors (2048K)
 Metaspace       used 10615K, committed 10880K, reserved 1114112K
  class space    used 997K, committed 1152K, reserved 1048576K
}
Event: 534.269 GC heap before
{Heap before GC invocations=418 (full 132):
 garbage-first heap   total 423936K, used 407004K [0x0000000703600000, 0x0000000800000000)
  region size 2048K, 2 young (4096K), 1 survivors (2048K)
 Metaspace       used 10615K, committed 10880K, reserved 1114112K
  class space    used 997K, committed 1152K, reserved 1048576K
}
Event: 534.269 GC heap after
{Heap after GC invocations=419 (full 132):
 garbage-first heap   total 423936K, used 408440K [0x0000000703600000, 0x0000000800000000)
  region size 2048K, 1 young (2048K), 1 survivors (2048K)
 Metaspace       used 10615K, committed 10880K, reserved 1114112K
  class space    used 997K, committed 1152K, reserved 1048576K
}
Event: 534.479 GC heap before
{Heap before GC invocations=420 (full 132):
 garbage-first heap   total 696320K, used 525176K [0x0000000703600000, 0x0000000800000000)
  region size 2048K, 7 young (14336K), 1 survivors (2048K)
 Metaspace       used 10627K, committed 10944K, reserved 1114112K
  class space    used 997K, committed 1152K, reserved 1048576K
}
Event: 534.480 GC heap after
{Heap after GC invocations=421 (full 132):
 garbage-first heap   total 696320K, used 513535K [0x0000000703600000, 0x0000000800000000)
  region size 2048K, 1 young (2048K), 1 survivors (2048K)
 Metaspace       used 10627K, committed 10944K, reserved 1114112K
  class space    used 997K, committed 1152K, reserved 1048576K
}
Event: 534.569 GC heap before
{Heap before GC invocations=421 (full 132):
 garbage-first heap   total 696320K, used 564735K [0x0000000703600000, 0x0000000800000000)
  region size 2048K, 4 young (8192K), 1 survivors (2048K)
 Metaspace       used 10629K, committed 10944K, reserved 1114112K
  class space    used 997K, committed 1152K, reserved 1048576K
}

