# JRE version: OpenJDK Runtime Environment Temurin-21.0.4+7 (21.0.4+7) (build 21.0.4+7-LTS)
# Java VM: OpenJDK 64-Bit Server VM Temurin-21.0.4+7 (21.0.4+7-LTS, mixed mode, sharing, tiered, compressed oops, compressed class ptrs, g1 gc, windows-amd64)
GC Precious Log:
 CardTable entry size: 512
 Card Set container configuration: InlinePtr #cards 4 size 8 Array Of Cards #cards 16 size 48 Howl #buckets 8 coarsen threshold 3686 Howl Bitmap #cards 512 size 80 coarsen threshold 460 Card regions per heap region 1 cards per card region 4096
 CPUs: 8 total, 8 available
 Memory: 16254M
 Large Page Support: Disabled
 NUMA Support: Disabled
 Compressed Oops: Enabled (Zero based)
 Heap Region Size: 2M
 Heap Min Capacity: 8M
 Heap Initial Capacity: 254M
 Heap Max Capacity: 4064M
 Pre-touch: Disabled
 Parallel Workers: 8
 Concurrent Workers: 2
 Concurrent Refinement Workers: 8
 Periodic GC: Disabled
Heap:
 garbage-first heap   total 802816K, used 723439K [0x0000000702000000, 0x0000000800000000)
  region size 2048K, 38 young (77824K), 1 survivors (2048K)
 Metaspace       used 43955K, committed 44544K, reserved 1114112K
  class space    used 6024K, committed 6272K, reserved 1048576K
GC Heap History (20 events):
Event: 11.756 GC heap before
{Heap before GC invocations=22 (full 0):
 garbage-first heap   total 499712K, used 457363K [0x0000000702000000, 0x0000000800000000)
  region size 2048K, 81 young (165888K), 7 survivors (14336K)
 Metaspace       used 35877K, committed 36416K, reserved 1114112K
  class space    used 5067K, committed 5312K, reserved 1048576K
}
Event: 11.786 GC heap after
{Heap after GC invocations=23 (full 0):
 garbage-first heap   total 600064K, used 318585K [0x0000000702000000, 0x0000000800000000)
  region size 2048K, 11 young (22528K), 11 survivors (22528K)
 Metaspace       used 35877K, committed 36416K, reserved 1114112K
  class space    used 5067K, committed 5312K, reserved 1048576K
}
Event: 11.973 GC heap before
{Heap before GC invocations=24 (full 0):
 garbage-first heap   total 600064K, used 541817K [0x0000000702000000, 0x0000000800000000)
  region size 2048K, 121 young (247808K), 11 survivors (22528K)
 Metaspace       used 35890K, committed 36416K, reserved 1114112K
  class space    used 5067K, committed 5312K, reserved 1048576K
}
Event: 11.997 GC heap after
{Heap after GC invocations=25 (full 0):
 garbage-first heap   total 600064K, used 326708K [0x0000000702000000, 0x0000000800000000)
  region size 2048K, 5 young (10240K), 5 survivors (10240K)
 Metaspace       used 35890K, committed 36416K, reserved 1114112K
  class space    used 5067K, committed 5312K, reserved 1048576K
}
Event: 12.422 GC heap before
{Heap before GC invocations=25 (full 0):
 garbage-first heap   total 600064K, used 551988K [0x0000000702000000, 0x0000000800000000)
  region size 2048K, 116 young (237568K), 5 survivors (10240K)
 Metaspace       used 35893K, committed 36416K, reserved 1114112K
  class space    used 5067K, committed 5312K, reserved 1048576K
}
Event: 12.433 GC heap after
{Heap after GC invocations=26 (full 0):
 garbage-first heap   total 600064K, used 332768K [0x0000000702000000, 0x0000000800000000)
  region size 2048K, 7 young (14336K), 7 survivors (14336K)
 Metaspace       used 35893K, committed 36416K, reserved 1114112K
  class space    used 5067K, committed 5312K, reserved 1048576K
}
Event: 13.016 GC heap before
{Heap before GC invocations=26 (full 0):
 garbage-first heap   total 600064K, used 369632K [0x0000000702000000, 0x0000000800000000)
  region size 2048K, 26 young (53248K), 7 survivors (14336K)
 Metaspace       used 36299K, committed 36800K, reserved 1114112K
  class space    used 5087K, committed 5312K, reserved 1048576K
}
Event: 13.025 GC heap after
{Heap after GC invocations=27 (full 0):
 garbage-first heap   total 600064K, used 329891K [0x0000000702000000, 0x0000000800000000)
  region size 2048K, 6 young (12288K), 6 survivors (12288K)
 Metaspace       used 36299K, committed 36800K, reserved 1114112K
  class space    used 5087K, committed 5312K, reserved 1048576K
}
Event: 49.068 GC heap before
{Heap before GC invocations=28 (full 0):
 garbage-first heap   total 600064K, used 596131K [0x0000000702000000, 0x0000000800000000)
  region size 2048K, 107 young (219136K), 6 survivors (12288K)
 Metaspace       used 42140K, committed 42688K, reserved 1114112K
  class space    used 5827K, committed 6080K, reserved 1048576K
}
Event: 49.096 GC heap after
{Heap after GC invocations=29 (full 0):
 garbage-first heap   total 628736K, used 353835K [0x0000000702000000, 0x0000000800000000)
  region size 2048K, 14 young (28672K), 14 survivors (28672K)
 Metaspace       used 42140K, committed 42688K, reserved 1114112K
  class space    used 5827K, committed 6080K, reserved 1048576K
}
Event: 55.843 GC heap before
{Heap before GC invocations=29 (full 0):
 garbage-first heap   total 628736K, used 564779K [0x0000000702000000, 0x0000000800000000)
  region size 2048K, 118 young (241664K), 14 survivors (28672K)
 Metaspace       used 42387K, committed 42944K, reserved 1114112K
  class space    used 5830K, committed 6080K, reserved 1048576K
}
Event: 55.899 GC heap after
{Heap after GC invocations=30 (full 0):
 garbage-first heap   total 628736K, used 376832K [0x0000000702000000, 0x0000000800000000)
  region size 2048K, 15 young (30720K), 15 survivors (30720K)
 Metaspace       used 42387K, committed 42944K, reserved 1114112K
  class space    used 5830K, committed 6080K, reserved 1048576K
}
Event: 63.770 GC heap before
{Heap before GC invocations=30 (full 0):
 garbage-first heap   total 628736K, used 565248K [0x0000000702000000, 0x0000000800000000)
  region size 2048K, 107 young (219136K), 15 survivors (30720K)
 Metaspace       used 43264K, committed 43840K, reserved 1114112K
  class space    used 5957K, committed 6208K, reserved 1048576K
}
Event: 63.842 GC heap after
{Heap after GC invocations=31 (full 0):
 garbage-first heap   total 628736K, used 394905K [0x0000000702000000, 0x0000000800000000)
  region size 2048K, 9 young (18432K), 9 survivors (18432K)
 Metaspace       used 43264K, committed 43840K, reserved 1114112K
  class space    used 5957K, committed 6208K, reserved 1048576K
}
Event: 105.077 GC heap before
{Heap before GC invocations=32 (full 0):
 garbage-first heap   total 686080K, used 683673K [0x0000000702000000, 0x0000000800000000)
  region size 2048K, 47 young (96256K), 9 survivors (18432K)
 Metaspace       used 43416K, committed 44032K, reserved 1114112K
  class space    used 5965K, committed 6208K, reserved 1048576K
}
Event: 105.092 GC heap after
{Heap after GC invocations=33 (full 0):
 garbage-first heap   total 706560K, used 609546K [0x0000000702000000, 0x0000000800000000)
  region size 2048K, 2 young (4096K), 2 survivors (4096K)
 Metaspace       used 43416K, committed 44032K, reserved 1114112K
  class space    used 5965K, committed 6208K, reserved 1048576K
}
Event: 132.181 GC heap before
{Heap before GC invocations=33 (full 0):
 garbage-first heap   total 751616K, used 748810K [0x0000000702000000, 0x0000000800000000)
  region size 2048K, 25 young (51200K), 2 survivors (4096K)
 Metaspace       used 43910K, committed 44480K, reserved 1114112K
  class space    used 6023K, committed 6272K, reserved 1048576K
}
Event: 132.184 GC heap after
{Heap after GC invocations=34 (full 0):
 garbage-first heap   total 757760K, used 429895K [0x0000000702000000, 0x0000000800000000)
  region size 2048K, 1 young (2048K), 1 survivors (2048K)
 Metaspace       used 43910K, committed 44480K, reserved 1114112K
  class space    used 6023K, committed 6272K, reserved 1048576K
}
Event: 132.188 GC heap before
{Heap before GC invocations=34 (full 0):
 garbage-first heap   total 757760K, used 431943K [0x0000000702000000, 0x0000000800000000)
  region size 2048K, 3 young (6144K), 1 survivors (2048K)
 Metaspace       used 43910K, committed 44480K, reserved 1114112K
  class space    used 6023K, committed 6272K, reserved 1048576K
}
Event: 132.190 GC heap after
{Heap after GC invocations=35 (full 0):
 garbage-first heap   total 757760K, used 430575K [0x0000000702000000, 0x0000000800000000)
  region size 2048K, 1 young (2048K), 1 survivors (2048K)
 Metaspace       used 43910K, committed 44480K, reserved 1114112K
  class space    used 6023K, committed 6272K, reserved 1048576K
}

